<?xml version="1.0" encoding="UTF-8"?>
<!-- Generated by org.testng.reporters.JUnitReportReporter -->
<testsuite skipped="0" hostname="LPT1240-B1" name="telecomtestcase.CustomerTest" tests="2" failures="0" timestamp="2022-01-18T15:39:15 IST" time="77.179" errors="0">
  <testcase name="addCustomer" time="43.982" classname="telecomtestcase.CustomerTest"/>
  <system-out/>
  <testcase name="addNocustomer" time="33.197" classname="telecomtestcase.CustomerTest"/>
  <system-out/>
</testsuite> <!-- telecomtestcase.CustomerTest -->
