<?xml version="1.0" encoding="UTF-8"?>
<!-- Generated by org.testng.reporters.JUnitReportReporter -->
<testsuite skipped="0" hostname="LPT699-B1" name="telecomtestpage.TraiffTest" tests="4" failures="0" timestamp="2022-01-23T20:15:08 IST" time="90.514" errors="0">
  <testcase name="addNoTariffPlan" time="19.608" classname="telecomtestpage.TraiffTest"/>
  <system-out/>
  <testcase name="addNoTariffToNewCustomer" time="23.573" classname="telecomtestpage.TraiffTest"/>
  <system-out/>
  <testcase name="addTariffToNewCustomer" time="25.119" classname="telecomtestpage.TraiffTest"/>
  <system-out/>
  <testcase name="addTraiffPlan" time="22.214" classname="telecomtestpage.TraiffTest"/>
  <system-out/>
</testsuite> <!-- telecomtestpage.TraiffTest -->
