<?xml version="1.0" encoding="UTF-8"?>
<!-- Generated by org.testng.reporters.JUnitReportReporter -->
<testsuite skipped="0" hostname="LPT699-B1" name="telecomtestpage.CustomerTest" tests="2" failures="0" timestamp="2022-01-23T20:15:08 IST" time="46.626" errors="0">
  <testcase name="addNocustomerDetails" time="20.479" classname="telecomtestpage.CustomerTest"/>
  <system-out/>
  <testcase name="addCustomerDetails" time="26.147" classname="telecomtestpage.CustomerTest"/>
  <system-out/>
</testsuite> <!-- telecomtestpage.CustomerTest -->
