<?xml version="1.0" encoding="UTF-8"?>
<!-- Generated by org.testng.reporters.JUnitReportReporter -->
<testsuite skipped="0" hostname="LPT699-B1" name="telecomtestpage.PayBillTest" tests="2" failures="0" timestamp="2022-01-23T20:15:08 IST" time="45.158" errors="0">
  <testcase name="payBill" time="24.761" classname="telecomtestpage.PayBillTest"/>
  <system-out/>
  <testcase name="addNoBillDetails" time="20.397" classname="telecomtestpage.PayBillTest"/>
  <system-out/>
</testsuite> <!-- telecomtestpage.PayBillTest -->
